[33m[2025-12-13 10:33:26] [WARN][0m Starting assets script at Sat Dec 13 10:33:26 AST 2025
./bin/assets.sh: line 140: syntax error near unexpected token `newline'
[33m[2025-12-13 10:34:10] [WARN][0m Starting assets script at Sat Dec 13 10:34:10 AST 2025
Usage: ./bin/assets.sh
	-a, --action [ build | up | down | copy-asset ]
	-t, --type [ plugin | theme | static ]
	-n, --name <asset>
	-v, --version <v> (default: none)
	-s, --src <path> (default: $ASSETS_REPO/<type>s/<name>/<name>.zip)

[33m[2025-12-13 10:44:58] [WARN][0m Starting assets script at Sat Dec 13 10:44:58 AST 2025
Usage: ./bin/assets.sh
	-a, --action [ build | up | down | copy-asset ]
	-t, --type [ plugin | theme | static ]
	-n, --name <asset>
	-v, --version <v> (default: none)
	-s, --src <path> 

[33m[2025-12-13 10:45:10] [WARN][0m Starting assets script at Sat Dec 13 10:45:10 AST 2025
Usage: ./bin/assets.sh
	-a, --action [ build | up | down | copy-asset ]
	-t, --type [ plugin | theme | static ]
	-n, --name <asset>
	-v, --version <v> (default: none)
	-s, --src <path> 

[33m[2025-12-13 10:45:47] [WARN][0m Starting assets script at Sat Dec 13 10:45:47 AST 2025
Usage: ./bin/assets.sh
	-a, --action [ build | up | down | copy-asset ]
	-t, --type [ plugin | theme | static ]
	-n, --name <asset>
	-v, --version <v> (default: none)
	-s, --src <path> e.g. path/to/assets/asset-file[.ext]

[33m[2025-12-13 10:53:49] [WARN][0m Starting assets script at Sat Dec 13 10:53:49 AST 2025
Usage: ./bin/assets.sh
	-a, --action [ build | up | down | copy-asset ]
	-t, --type [ plugin | theme | static ]
	-n, --name <asset>
	-v, --version <v> (default: none)
	-s, --src <path> e.g. path/to/assets/asset-file[.ext]
	-w, --what-if (dry run)

[33m[2025-12-13 10:59:16] [WARN][0m Starting assets script at Sat Dec 13 10:59:16 AST 2025
Unknown option: -up
Usage: ./bin/assets.sh
	-a, --action [ build | up | down | copy-asset ]
	-t, --type [ plugin | theme | static ]
	-n, --name <asset>
	-v, --version <v> (default: none)
	-s, --src <path> e.g. path/to/assets/asset-file[.ext]
	-w, --what-if (dry run)

[33m[2025-12-13 10:59:25] [WARN][0m Starting assets script at Sat Dec 13 10:59:25 AST 2025
[WHAT-IF] Would: Start assets container
[32m[2025-12-13 10:59:25] [SUCCESS][0m ✅ Assets container started
[33m[2025-12-13 11:01:43] [WARN][0m Starting assets script at Sat Dec 13 11:01:43 AST 2025
[WHAT-IF] Would: Copy  asset breakdance v2.5.2 from /home/ccnicholls/ptek/projects/ptekdevwp/app/assets/plugins/breakdance-v2.5.2.zip → ptekwpdev-assets:/usr/src/ptekwpdev/assets//breakdance/2.5.2
[32m[2025-12-13 11:01:43] [SUCCESS][0m ✅ Copied  asset breakdance v2.5.2 into container
[33m[2025-12-13 11:02:25] [WARN][0m Starting assets script at Sat Dec 13 11:02:25 AST 2025
Error response from daemon: No such container: ptekwpdev-assets
[33m[2025-12-13 11:08:32] [WARN][0m Starting assets script at Sat Dec 13 11:08:32 AST 2025
[ERR] Container 'ptekwpdev-assets' is not running. Start it with: ./assets.sh -a up
[33m[2025-12-13 11:21:37] [WARN][0m Starting assets script at Sat Dec 13 11:21:37 AST 2025
[ERR] Container 'ptekwpdev-assets' is not running. Start it with: ./assets.sh -a up
[33m[2025-12-13 11:21:47] [WARN][0m Starting assets script at Sat Dec 13 11:21:47 AST 2025
 Volume ptekwpdev_assets_volume  Creating
 Volume ptekwpdev_assets_volume  Created
 Container ptekwpdev_assets  Creating
 Container ptekwpdev_assets  Created
 Container ptekwpdev_assets  Starting
 Container ptekwpdev_assets  Started
[32m[2025-12-13 11:21:49] [SUCCESS][0m ✅ Assets container started
[ERR] Container 'ptekwpdev-assets' is not running. Start it with: ./assets.sh -a up
[33m[2025-12-13 11:23:26] [WARN][0m Starting assets script at Sat Dec 13 11:23:26 AST 2025
 Container ptekwpdev_assets  Stopping
 Container ptekwpdev_assets  Stopped
 Container ptekwpdev_assets  Removing
 Container ptekwpdev_assets  Removed
 Network docker_default  Removing
 Network docker_default  Removed
[32m[2025-12-13 11:23:28] [SUCCESS][0m ✅ Assets container stopped and removed
[33m[2025-12-13 11:23:33] [WARN][0m Starting assets script at Sat Dec 13 11:23:33 AST 2025
 Network docker_default  Creating
 Network docker_default  Created
 Container ptekwpdev_assets  Creating
 Container ptekwpdev_assets  Created
 Container ptekwpdev_assets  Starting
 Container ptekwpdev_assets  Started
[32m[2025-12-13 11:23:34] [SUCCESS][0m ✅ Assets container started
[ERR] Container 'ptekwpdev-assets' is not running. Start it with: ./assets.sh -a up
[33m[2025-12-13 11:24:32] [WARN][0m Starting assets script at Sat Dec 13 11:24:32 AST 2025
 Container ptekwpdev_assets  Stopping
 Container ptekwpdev_assets  Stopped
 Container ptekwpdev_assets  Removing
 Container ptekwpdev_assets  Removed
 Network docker_default  Removing
 Network docker_default  Removed
[32m[2025-12-13 11:24:34] [SUCCESS][0m ✅ Assets container stopped and removed
[33m[2025-12-13 11:24:45] [WARN][0m Starting assets script at Sat Dec 13 11:24:45 AST 2025
 Network docker_default  Creating
 Network docker_default  Created
 Container ptekwpdev_assets  Creating
 Container ptekwpdev_assets  Created
 Container ptekwpdev_assets  Starting
 Container ptekwpdev_assets  Started
[32m[2025-12-13 11:24:46] [SUCCESS][0m ✅ Assets container started
[ERR] Container 'ptekwpdev-assets' is not running. Start it with: ./assets.sh -a up
[33m[2025-12-13 11:27:07] [WARN][0m Starting assets script at Sat Dec 13 11:27:07 AST 2025
 Container ptekwpdev_assets  Stopping
 Container ptekwpdev_assets  Stopped
 Container ptekwpdev_assets  Removing
 Container ptekwpdev_assets  Removed
 Network docker_default  Removing
 Network docker_default  Removed
[32m[2025-12-13 11:27:08] [SUCCESS][0m ✅ Assets container stopped and removed
[33m[2025-12-14 05:29:59] [WARN][0m Starting assets script at Sun Dec 14 05:29:59 AST 2025
./bin/assets.sh: line 83: CONTAINER_NAME: unbound variable
./bin/assets.sh: line 83: CONTAINER_NAME: unbound variable
 Network docker_default  Creating
 Network docker_default  Created
 Container ptekwpdev_assets  Creating
 Container ptekwpdev_assets  Created
 Container ptekwpdev_assets  Starting
 Container ptekwpdev_assets  Started
[32m[2025-12-14 05:30:00] [SUCCESS][0m ✅ Assets container started
[33m[2025-12-14 05:32:39] [WARN][0m Starting assets script at Sun Dec 14 05:32:39 AST 2025
Usage: ./bin/assets.sh
	-a, --action [ build | up | down | copy-asset ]
	-t, --type [ plugin | theme | static ]
	-n, --name <asset>
	-v, --version <v> (default: none)
	-s, --src <path> e.g. path/to/assets/asset-file[.ext]
	-w, --what-if (dry run)

[33m[2025-12-14 05:32:56] [WARN][0m Starting assets script at Sun Dec 14 05:32:56 AST 2025
 Container ptekwpdev_assets  Running
[32m[2025-12-14 05:32:56] [SUCCESS][0m ✅ Assets container 'ptekwpdev_assets' is running
[33m[2025-12-14 05:33:01] [WARN][0m Starting assets script at Sun Dec 14 05:33:01 AST 2025
 Container ptekwpdev_assets  Stopping
 Container ptekwpdev_assets  Stopped
 Container ptekwpdev_assets  Removing
 Container ptekwpdev_assets  Removed
 Network docker_default  Removing
 Network docker_default  Removed
[32m[2025-12-14 05:33:03] [SUCCESS][0m ✅ Assets container stopped and removed
[33m[2025-12-14 05:33:06] [WARN][0m Starting assets script at Sun Dec 14 05:33:06 AST 2025
 Network docker_default  Creating
 Network docker_default  Created
 Container ptekwpdev_assets  Creating
 Container ptekwpdev_assets  Created
 Container ptekwpdev_assets  Starting
 Container ptekwpdev_assets  Started
[32m[2025-12-14 05:33:07] [SUCCESS][0m ✅ Assets container 'ptekwpdev_assets' is running
[33m[2025-12-14 05:37:55] [WARN][0m Starting assets script at Sun Dec 14 05:37:55 AST 2025
Usage: ./bin/assets.sh
	-a, --action [ build | up | down | copy-asset ]
	-t, --type [ plugin | theme | static ]
	-n, --name <asset>
	-v, --version <v> (default: none)
	-s, --src <path> e.g. path/to/assets/asset-file[.ext]
	-w, --what-if (dry run)

[33m[2025-12-14 05:38:12] [WARN][0m Starting assets script at Sun Dec 14 05:38:12 AST 2025
 Container ptekwpdev_assets  Stopping
 Container ptekwpdev_assets  Stopped
 Container ptekwpdev_assets  Removing
 Container ptekwpdev_assets  Removed
 Network docker_default  Removing
 Network docker_default  Removed
[32m[2025-12-14 05:38:13] [SUCCESS][0m ✅ Assets container stopped and removed
[33m[2025-12-14 05:38:35] [WARN][0m Starting assets script at Sun Dec 14 05:38:35 AST 2025
#1 [internal] load local bake definitions
#1 reading from stdin 597B done
#1 DONE 0.0s

#2 [internal] load build definition from Dockerfile
#2 transferring dockerfile: 300B 0.0s done
#2 DONE 0.0s

#3 [internal] load metadata for docker.io/library/alpine:latest
#3 DONE 0.0s

#4 [internal] load .dockerignore
#4 transferring context: 2B done
#4 DONE 0.0s

#5 [1/4] FROM docker.io/library/alpine:latest
#5 DONE 0.0s

#6 [2/4] RUN deluser assetuser || true     && adduser -D assetuser
#6 CACHED

#7 [3/4] WORKDIR /usr/src/ptekwpdev
#7 CACHED

#8 [4/4] RUN mkdir -p /usr/src/ptekwpdev/assets/{plugins,themes,static}     && chown -R assetuser:assetuser /usr/src/ptekwpdev/assets
#8 CACHED

#9 exporting to image
#9 exporting layers done
#9 writing image sha256:a5b89b966bf46cbf541bb9604287e82cd7a122c96f156a91560b1c692676bb77 done
#9 naming to docker.io/library/docker-ptekwpdev-assets done
#9 DONE 0.0s

#10 resolving provenance for metadata file
#10 DONE 0.0s
 docker-ptekwpdev-assets  Built
 Network docker_default  Creating
 Network docker_default  Created
 Volume ptekwpdev_assets_volume  Creating
 Volume ptekwpdev_assets_volume  Created
 Container ptekwpdev_assets  Creating
 Container ptekwpdev_assets  Created
 Container ptekwpdev_assets  Starting
 Container ptekwpdev_assets  Started
Copying existing assets from /home/ccnicholls/projects/ptekwpdev/app/assets → ptekwpdev_assets:/usr/src/ptekwpdev/assets
[32m[2025-12-14 05:38:37] [SUCCESS][0m ✅ Copied plugins assets into container
[32m[2025-12-14 05:38:37] [SUCCESS][0m ✅ Copied themes assets into container
[33m[2025-12-14 05:38:37] [WARN][0m No static assets found in /home/ccnicholls/projects/ptekwpdev/app/assets/static

📋 Post-build asset summary:
 - plugins: readme.txt
 - themes: readme.txt
[33m[2025-12-14 05:54:09] [WARN][0m Starting assets script at Sun Dec 14 05:54:09 AST 2025
 Container ptekwpdev_assets  Stopping
 Container ptekwpdev_assets  Stopped
 Container ptekwpdev_assets  Removing
 Container ptekwpdev_assets  Removed
 Network docker_default  Removing
 Network docker_default  Removed
[32m[2025-12-14 05:54:10] [SUCCESS][0m ✅ Assets container stopped and removed
[33m[2025-12-14 05:54:21] [WARN][0m Starting assets script at Sun Dec 14 05:54:21 AST 2025
#1 [internal] load local bake definitions
#1 reading from stdin 597B done
#1 DONE 0.0s

#2 [internal] load build definition from Dockerfile
#2 transferring dockerfile: 300B done
#2 DONE 0.0s

#3 [internal] load metadata for docker.io/library/alpine:latest
#3 DONE 0.0s

#4 [internal] load .dockerignore
#4 transferring context: 2B done
#4 DONE 0.0s

#5 [1/4] FROM docker.io/library/alpine:latest
#5 DONE 0.0s

#6 [2/4] RUN deluser assetuser || true     && adduser -D assetuser
#6 CACHED

#7 [3/4] WORKDIR /usr/src/ptekwpdev
#7 CACHED

#8 [4/4] RUN mkdir -p /usr/src/ptekwpdev/assets/{plugins,themes,static}     && chown -R assetuser:assetuser /usr/src/ptekwpdev/assets
#8 CACHED

#9 exporting to image
#9 exporting layers done
#9 writing image sha256:a5b89b966bf46cbf541bb9604287e82cd7a122c96f156a91560b1c692676bb77 done
#9 naming to docker.io/library/docker-ptekwpdev-assets done
#9 DONE 0.0s

#10 resolving provenance for metadata file
#10 DONE 0.0s
 docker-ptekwpdev-assets  Built
 Network docker_default  Creating
 Network docker_default  Created
 Volume ptekwpdev_assets_volume  Creating
 Volume ptekwpdev_assets_volume  Created
 Container ptekwpdev_assets  Creating
 Container ptekwpdev_assets  Created
 Container ptekwpdev_assets  Starting
 Container ptekwpdev_assets  Started
Copying existing assets from /home/ccnicholls/projects/ptekwpdev/app/assets → ptekwpdev_assets:/usr/src/ptekwpdev/assets
[32m[2025-12-14 05:54:22] [SUCCESS][0m ✅ Copied plugins assets into container
[32m[2025-12-14 05:54:23] [SUCCESS][0m ✅ Copied themes assets into container
[33m[2025-12-14 05:54:23] [WARN][0m No static assets found in /home/ccnicholls/projects/ptekwpdev/app/assets/static

📋 Post-build asset summary:
 - plugins: readme.txt
 - themes: readme.txt
[33m[2025-12-14 05:56:17] [WARN][0m Starting assets script at Sun Dec 14 05:56:17 AST 2025
 Container ptekwpdev_assets  Stopping
 Container ptekwpdev_assets  Stopped
 Container ptekwpdev_assets  Removing
 Container ptekwpdev_assets  Removed
 Network docker_default  Removing
 Network docker_default  Removed
[32m[2025-12-14 05:56:19] [SUCCESS][0m ✅ Assets container stopped and removed
[33m[2025-12-14 05:56:31] [WARN][0m Starting assets script at Sun Dec 14 05:56:31 AST 2025
#1 [internal] load local bake definitions
#1 reading from stdin 597B done
#1 DONE 0.0s

#2 [internal] load build definition from Dockerfile
#2 transferring dockerfile: 300B done
#2 DONE 0.0s

#3 [internal] load metadata for docker.io/library/alpine:latest
#3 DONE 0.0s

#4 [internal] load .dockerignore
#4 transferring context: 2B done
#4 DONE 0.0s

#5 [1/4] FROM docker.io/library/alpine:latest
#5 DONE 0.0s

#6 [3/4] WORKDIR /usr/src/ptekwpdev
#6 CACHED

#7 [2/4] RUN deluser assetuser || true     && adduser -D assetuser
#7 CACHED

#8 [4/4] RUN mkdir -p /usr/src/ptekwpdev/assets/{plugins,themes,static}     && chown -R assetuser:assetuser /usr/src/ptekwpdev/assets
#8 CACHED

#9 exporting to image
#9 exporting layers done
#9 writing image sha256:a5b89b966bf46cbf541bb9604287e82cd7a122c96f156a91560b1c692676bb77 done
#9 naming to docker.io/library/docker-ptekwpdev-assets done
#9 DONE 0.0s

#10 resolving provenance for metadata file
#10 DONE 0.0s
 docker-ptekwpdev-assets  Built
 Network docker_default  Creating
 Network docker_default  Created
 Volume ptekwpdev_assets_volume  Creating
 Volume ptekwpdev_assets_volume  Created
 Container ptekwpdev_assets  Creating
 Container ptekwpdev_assets  Created
 Container ptekwpdev_assets  Starting
 Container ptekwpdev_assets  Started
Copying existing assets from /home/ccnicholls/projects/ptekwpdev/app/assets → ptekwpdev_assets:/usr/src/ptekwpdev/assets
[32m[2025-12-14 05:56:33] [SUCCESS][0m ✅ Copied plugins assets into container
[32m[2025-12-14 05:56:33] [SUCCESS][0m ✅ Copied themes assets into container
[33m[2025-12-14 05:56:33] [WARN][0m No static assets found in /home/ccnicholls/projects/ptekwpdev/app/assets/static

📋 Post-build asset summary:
 - plugins: readme.txt
 - themes: readme.txt
[33m[2025-12-14 05:57:34] [WARN][0m Starting assets script at Sun Dec 14 05:57:34 AST 2025
 Container ptekwpdev_assets  Stopping
 Container ptekwpdev_assets  Stopped
 Container ptekwpdev_assets  Removing
 Container ptekwpdev_assets  Removed
 Network docker_default  Removing
 Network docker_default  Removed
[32m[2025-12-14 05:57:35] [SUCCESS][0m ✅ Assets container stopped and removed
[33m[2025-12-14 05:57:50] [WARN][0m Starting assets script at Sun Dec 14 05:57:50 AST 2025
#1 [internal] load local bake definitions
#1 reading from stdin 597B done
#1 DONE 0.0s

#2 [internal] load build definition from Dockerfile
#2 transferring dockerfile: 300B done
#2 DONE 0.0s

#3 [internal] load metadata for docker.io/library/alpine:latest
#3 DONE 0.0s

#4 [internal] load .dockerignore
#4 transferring context: 2B done
#4 DONE 0.0s

#5 [1/4] FROM docker.io/library/alpine:latest
#5 DONE 0.0s

#6 [2/4] RUN deluser assetuser || true     && adduser -D assetuser
#6 CACHED

#7 [3/4] WORKDIR /usr/src/ptekwpdev
#7 CACHED

#8 [4/4] RUN mkdir -p /usr/src/ptekwpdev/assets/{plugins,themes,static}     && chown -R assetuser:assetuser /usr/src/ptekwpdev/assets
#8 CACHED

#9 exporting to image
#9 exporting layers done
#9 writing image sha256:a5b89b966bf46cbf541bb9604287e82cd7a122c96f156a91560b1c692676bb77 done
#9 naming to docker.io/library/docker-ptekwpdev-assets done
#9 DONE 0.0s

#10 resolving provenance for metadata file
#10 DONE 0.0s
 docker-ptekwpdev-assets  Built
 Network docker_default  Creating
 Network docker_default  Created
 Volume ptekwpdev_assets_volume  Creating
 Volume ptekwpdev_assets_volume  Created
 Container ptekwpdev_assets  Creating
 Container ptekwpdev_assets  Created
 Container ptekwpdev_assets  Starting
 Container ptekwpdev_assets  Started
Copying existing assets from /home/ccnicholls/projects/ptekwpdev/app/assets → ptekwpdev_assets:/usr/src/ptekwpdev/assets
[32m[2025-12-14 05:57:52] [SUCCESS][0m ✅ Copied plugins assets into container
[32m[2025-12-14 05:57:52] [SUCCESS][0m ✅ Copied themes assets into container
[33m[2025-12-14 05:57:52] [WARN][0m No static assets found in /home/ccnicholls/projects/ptekwpdev/app/assets/static

📋 Post-build asset summary:
 - plugins: readme.txt
 - themes: readme.txt
[33m[2025-12-14 06:15:25] [WARN][0m Starting assets script at Sun Dec 14 06:15:25 AST 2025
 Container ptekwpdev_assets  Stopping
 Container ptekwpdev_assets  Stopped
 Container ptekwpdev_assets  Removing
 Container ptekwpdev_assets  Removed
 Network docker_default  Removing
 Network docker_default  Removed
[32m[2025-12-14 06:15:27] [SUCCESS][0m ✅ Assets container stopped and removed
[33m[2025-12-14 06:15:38] [WARN][0m Starting assets script at Sun Dec 14 06:15:38 AST 2025
#1 [internal] load local bake definitions
#1 reading from stdin 597B done
#1 DONE 0.0s

#2 [internal] load build definition from Dockerfile
#2 transferring dockerfile: 388B done
#2 DONE 0.0s

#3 [internal] load metadata for docker.io/library/alpine:latest
#3 DONE 0.0s

#4 [internal] load .dockerignore
#4 transferring context: 2B done
#4 DONE 0.0s

#5 [1/4] FROM docker.io/library/alpine:latest
#5 DONE 0.0s

#6 [2/4] RUN deluser assetuser || true     && adduser -D assetuser
#6 CACHED

#7 [3/4] WORKDIR /usr/src/ptekwpdev
#7 CACHED

#8 [4/4] RUN mkdir -p /usr/src/ptekwpdev/assets/plugins     && mkdir -p /usr/src/ptekwpdev/assets/themes     && mkdir -p /usr/src/ptekwpdev/assets/static     && chown -R assetuser:assetuser /usr/src/ptekwpdev/assets
#8 DONE 0.9s

#9 exporting to image
#9 exporting layers 0.0s done
#9 writing image sha256:0aa90849e59a7a89c1f9e62f6848aa4f6a2d6d6d3f007ff8a0131ff2d88bd7ff done
#9 naming to docker.io/library/docker-ptekwpdev-assets 0.0s done
#9 DONE 0.1s

#10 resolving provenance for metadata file
#10 DONE 0.0s
 docker-ptekwpdev-assets  Built
 Network docker_default  Creating
 Network docker_default  Created
 Volume ptekwpdev_assets_volume  Creating
 Volume ptekwpdev_assets_volume  Created
 Container ptekwpdev_assets  Creating
 Container ptekwpdev_assets  Created
 Container ptekwpdev_assets  Starting
 Container ptekwpdev_assets  Started
Copying existing assets from /home/ccnicholls/projects/ptekwpdev/app/assets → ptekwpdev_assets:/usr/src/ptekwpdev/assets
[32m[2025-12-14 06:15:42] [SUCCESS][0m ✅ Copied plugins assets into container
[32m[2025-12-14 06:15:42] [SUCCESS][0m ✅ Copied themes assets into container
[33m[2025-12-14 06:15:42] [WARN][0m No static assets found in /home/ccnicholls/projects/ptekwpdev/app/assets/static

📋 Post-build asset summary:
 - plugins: readme.txt
 - themes: readme.txt
[33m[2025-12-14 06:16:47] [WARN][0m Starting assets script at Sun Dec 14 06:16:47 AST 2025
Error: --src option is required: path/to/assets/asset-file[.ext]
[33m[2025-12-14 06:17:03] [WARN][0m Starting assets script at Sun Dec 14 06:17:03 AST 2025
Error: --src option is required: path/to/assets/asset-file[.ext]
[33m[2025-12-14 06:17:45] [WARN][0m Starting assets script at Sun Dec 14 06:17:45 AST 2025
[WHAT-IF] Would: Copy  asset breakdance v2.5.2 from /home/ccnicholls/ptek/projects/ptekdevwp/app/assets/plugins/breakdance-v2.5.2.zip → ptekwpdev_assets:/usr/src/ptekwpdev/assets//breakdance/2.5.2
[32m[2025-12-14 06:17:46] [SUCCESS][0m ✅ Copied  asset breakdance v2.5.2 into container
[33m[2025-12-14 06:18:44] [WARN][0m Starting assets script at Sun Dec 14 06:18:44 AST 2025
[WHAT-IF] Would: Copy plugin asset breakdance v2.5.2 from /home/ccnicholls/ptek/projects/ptekdevwp/app/assets/plugins/breakdance-v2.5.2.zip → ptekwpdev_assets:/usr/src/ptekwpdev/assets/plugins/breakdance/2.5.2
[32m[2025-12-14 06:18:44] [SUCCESS][0m ✅ Copied plugin asset breakdance v2.5.2 into container
[33m[2025-12-14 06:19:39] [WARN][0m Starting assets script at Sun Dec 14 06:19:39 AST 2025
[WHAT-IF] Would: Copy  asset breakdance v2.5.2 from /home/ccnicholls/ptek/projects/ptekdevwp/app/assets/plugins/breakdance-v2.5.2.zip → ptekwpdev_assets:/usr/src/ptekwpdev/assets//breakdance/2.5.2
[32m[2025-12-14 06:19:40] [SUCCESS][0m ✅ Copied  asset breakdance v2.5.2 into container
[33m[2025-12-14 06:24:41] [WARN][0m Starting assets script at Sun Dec 14 06:24:41 AST 2025
[31m[2025-12-14 06:24:41] [ERROR][0m Missing required --type option (-t). Must be one of: plugin, theme, static.
[33m[2025-12-14 06:24:53] [WARN][0m Starting assets script at Sun Dec 14 06:24:53 AST 2025
[WHAT-IF] Would: Copy plugin asset breakdance v2.5.2 from /home/ccnicholls/ptek/projects/ptekdevwp/app/assets/plugins/breakdance-v2.5.2.zip → ptekwpdev_assets:/usr/src/ptekwpdev/assets/plugins/breakdance/2.5.2
[32m[2025-12-14 06:24:53] [SUCCESS][0m ✅ Copied plugin asset breakdance v2.5.2 into container
[33m[2025-12-14 06:27:02] [WARN][0m Starting assets script at Sun Dec 14 06:27:02 AST 2025
[32m[2025-12-14 06:27:03] [SUCCESS][0m ✅ Copied plugin asset breakdance v2.5.2 into container
