[2025-12-11 08:01:44] COPY: /home/ccnicholls/projects/ptekwpdev/app/assets/plugins → /usr/src/ptekwpdev/plugins
[2025-12-11 08:01:45] COPY: /home/ccnicholls/projects/ptekwpdev/app/assets/themes → /usr/src/ptekwpdev/themes
[2025-12-11 09:00:43] COPY: /home/ccnicholls/projects/ptekwpdev/app/assets/plugins → /usr/src/ptekwpdev/assets/plugins
[2025-12-11 09:00:43] COPY: /home/ccnicholls/projects/ptekwpdev/app/assets/themes → /usr/src/ptekwpdev/assets/themes
[2025-12-11 09:02:01] COPY: /home/ccnicholls/projects/ptekwpdev/app/assets/plugins → /usr/src/ptekwpdev/assets/plugins
[2025-12-11 09:02:01] COPY: /home/ccnicholls/projects/ptekwpdev/app/assets/themes → /usr/src/ptekwpdev/assets/themes
[2025-12-11 09:05:27] COPY: /home/ccnicholls/ptek/projects/ptekdevwp/app/assets/plugins/breakdance-v2.5.2.zip → /usr/src/ptekwpdev/assets/plugin/breakdance/2.5.2
[2025-12-11 09:08:15] COPY: /home/ccnicholls/projects/ptekwpdev/app/assets/plugins → /usr/src/ptekwpdev/assets/plugins
[2025-12-11 09:08:15] COPY: /home/ccnicholls/projects/ptekwpdev/app/assets/themes → /usr/src/ptekwpdev/assets/themes
[2025-12-11 09:08:18] COPY: /home/ccnicholls/ptek/projects/ptekdevwp/app/assets/plugins/breakdance-v2.5.2.zip → /usr/src/ptekwpdev/assets/plugin/breakdance/2.5.2
[2025-12-11 09:15:01] COPY: /home/ccnicholls/projects/ptekwpdev/app/assets/plugins → /usr/src/ptekwpdev/assets/plugins
[2025-12-11 09:15:01] COPY: /home/ccnicholls/projects/ptekwpdev/app/assets/themes → /usr/src/ptekwpdev/assets/themes
[2025-12-11 09:15:06] COPY: /home/ccnicholls/ptek/projects/ptekdevwp/app/assets/plugins/breakdance-v2.5.2.zip → /usr/src/ptekwpdev/assets/plugins/breakdance/2.5.2
[2025-12-13 11:01:43] COPY: /home/ccnicholls/ptek/projects/ptekdevwp/app/assets/plugins/breakdance-v2.5.2.zip → /usr/src/ptekwpdev/assets//breakdance/2.5.2
[2025-12-14 05:38:37] COPY: /home/ccnicholls/projects/ptekwpdev/app/assets/plugins → /usr/src/ptekwpdev/assets/plugins
[2025-12-14 05:38:37] COPY: /home/ccnicholls/projects/ptekwpdev/app/assets/themes → /usr/src/ptekwpdev/assets/themes
[2025-12-14 05:54:22] COPY: /home/ccnicholls/projects/ptekwpdev/app/assets/plugins → /usr/src/ptekwpdev/assets/plugins
[2025-12-14 05:54:23] COPY: /home/ccnicholls/projects/ptekwpdev/app/assets/themes → /usr/src/ptekwpdev/assets/themes
[2025-12-14 05:56:33] COPY: /home/ccnicholls/projects/ptekwpdev/app/assets/plugins → /usr/src/ptekwpdev/assets/plugins
[2025-12-14 05:56:33] COPY: /home/ccnicholls/projects/ptekwpdev/app/assets/themes → /usr/src/ptekwpdev/assets/themes
[2025-12-14 05:57:52] COPY: /home/ccnicholls/projects/ptekwpdev/app/assets/plugins → /usr/src/ptekwpdev/assets/plugins
[2025-12-14 05:57:52] COPY: /home/ccnicholls/projects/ptekwpdev/app/assets/themes → /usr/src/ptekwpdev/assets/themes
[2025-12-14 06:15:41] COPY: /home/ccnicholls/projects/ptekwpdev/app/assets/plugins → /usr/src/ptekwpdev/assets/plugins
[2025-12-14 06:15:42] COPY: /home/ccnicholls/projects/ptekwpdev/app/assets/themes → /usr/src/ptekwpdev/assets/themes
[2025-12-14 06:17:46] COPY: /home/ccnicholls/ptek/projects/ptekdevwp/app/assets/plugins/breakdance-v2.5.2.zip → /usr/src/ptekwpdev/assets//breakdance/2.5.2
[2025-12-14 06:18:44] COPY: /home/ccnicholls/ptek/projects/ptekdevwp/app/assets/plugins/breakdance-v2.5.2.zip → /usr/src/ptekwpdev/assets/plugins/breakdance/2.5.2
[2025-12-14 06:19:40] COPY: /home/ccnicholls/ptek/projects/ptekdevwp/app/assets/plugins/breakdance-v2.5.2.zip → /usr/src/ptekwpdev/assets//breakdance/2.5.2
[2025-12-14 06:24:53] COPY: /home/ccnicholls/ptek/projects/ptekdevwp/app/assets/plugins/breakdance-v2.5.2.zip → /usr/src/ptekwpdev/assets/plugins/breakdance/2.5.2
[2025-12-14 06:27:03] COPY: /home/ccnicholls/ptek/projects/ptekdevwp/app/assets/plugins/breakdance-v2.5.2.zip → /usr/src/ptekwpdev/assets/plugins/breakdance/2.5.2
